<?xml version="1.0" encoding="UTF-8"?>
<!-- Generated by org.testng.reporters.JUnitReportReporter -->
<testsuite hostname="DESKTOP-185OOST" failures="0" tests="8" name="org.automation.testing.testcase.TC_001_LoginFunctionality" time="38.655" errors="0" timestamp="2022-01-23T19:04:43 IST" skipped="0">
  <testcase classname="org.automation.testing.testcase.TC_001_LoginFunctionality" name="loginfunctionality" time="5.491"/>
  <system-out/>
  <testcase classname="org.automation.testing.testcase.TC_001_LoginFunctionality" name="inventoryFeature" time="2.098"/>
  <system-out/>
  <testcase classname="org.automation.testing.testcase.TC_001_LoginFunctionality" name="createNewProduct" time="4.962"/>
  <system-out/>
  <testcase classname="org.automation.testing.testcase.TC_001_LoginFunctionality" name="updateProductQuantity" time="4.930"/>
  <system-out/>
  <testcase classname="org.automation.testing.testcase.TC_001_LoginFunctionality" name="applicationIcon" time="2.119"/>
  <system-out/>
  <testcase classname="org.automation.testing.testcase.TC_001_LoginFunctionality" name="createmanufacturigOrder" time="10.380"/>
  <system-out/>
  <testcase classname="org.automation.testing.testcase.TC_001_LoginFunctionality" name="updateStatusDone" time="5.385"/>
  <system-out/>
  <testcase classname="org.automation.testing.testcase.TC_001_LoginFunctionality" name="validatemanufacturigOrder" time="3.290"/>
  <system-out/>
</testsuite> <!-- org.automation.testing.testcase.TC_001_LoginFunctionality -->
