<?xml version="1.0" encoding="UTF-8"?>
<!-- Generated by org.testng.reporters.JUnitReportReporter -->
<testsuite hostname="DESKTOP-185OOST" failures="0" tests="1" name="org.automation.testing.testcase.TC_001_DDF_LoginFunctionality" time="10.863" errors="0" timestamp="2022-01-23T12:44:58 IST" skipped="0">
  <testcase classname="org.automation.testing.testcase.TC_001_DDF_LoginFunctionality" name="loginfunctionality" time="10.863"/>
  <system-out/>
</testsuite> <!-- org.automation.testing.testcase.TC_001_DDF_LoginFunctionality -->
