<?xml version="1.0" encoding="UTF-8"?>
<!-- Generated by org.testng.reporters.JUnitReportReporter -->
<testsuite hostname="DESKTOP-185OOST" failures="0" tests="8" name="org.automation.testing.testcase.TestCase_ValidateNewManufacturingOrder" time="35.631" errors="0" timestamp="2022-01-23T20:20:00 IST" skipped="0">
  <testcase classname="org.automation.testing.testcase.TestCase_ValidateNewManufacturingOrder" name="appLogin" time="2.809"/>
  <system-out/>
  <testcase classname="org.automation.testing.testcase.TestCase_ValidateNewManufacturingOrder" name="inventoryFeature" time="2.157"/>
  <system-out/>
  <testcase classname="org.automation.testing.testcase.TestCase_ValidateNewManufacturingOrder" name="createNewProduct" time="5.073"/>
  <system-out/>
  <testcase classname="org.automation.testing.testcase.TestCase_ValidateNewManufacturingOrder" name="updateProductQuantity" time="4.834"/>
  <system-out/>
  <testcase classname="org.automation.testing.testcase.TestCase_ValidateNewManufacturingOrder" name="applicationIcon" time="2.075"/>
  <system-out/>
  <testcase classname="org.automation.testing.testcase.TestCase_ValidateNewManufacturingOrder" name="createmanufacturingOrder" time="10.057"/>
  <system-out/>
  <testcase classname="org.automation.testing.testcase.TestCase_ValidateNewManufacturingOrder" name="updateStatusDone" time="5.448"/>
  <system-out/>
  <testcase classname="org.automation.testing.testcase.TestCase_ValidateNewManufacturingOrder" name="validateManufacturigOrder" time="3.178"/>
  <system-out/>
</testsuite> <!-- org.automation.testing.testcase.TestCase_ValidateNewManufacturingOrder -->
