<?xml version="1.0" encoding="UTF-8"?>
<!-- Generated by org.testng.reporters.JUnitReportReporter -->
<testsuite hostname="DESKTOP-185OOST" failures="0" tests="3" name="org.automation.testing.testcase.TC_002_DDF_Register" time="33.713" errors="0" timestamp="2021-08-17T07:08:36 IST" skipped="0">
  <testcase classname="org.automation.testing.testcase.TC_002_DDF_Register" name="register" time="11.859"/>
  <system-out/>
  <testcase classname="org.automation.testing.testcase.TC_002_DDF_Register" name="register" time="11.117"/>
  <system-out/>
  <testcase classname="org.automation.testing.testcase.TC_002_DDF_Register" name="register" time="10.737"/>
  <system-out/>
</testsuite> <!-- org.automation.testing.testcase.TC_002_DDF_Register -->
