<?xml version="1.0" encoding="UTF-8"?>
<!-- Generated by org.testng.reporters.JUnitReportReporter -->
<testsuite hostname="DESKTOP-185OOST" failures="0" tests="3" name="org.automation.testing.testcase.TC_001_DDF_LoginFunctionality" time="32.078" errors="0" timestamp="2021-08-17T07:08:36 IST" skipped="0">
  <testcase classname="org.automation.testing.testcase.TC_001_DDF_LoginFunctionality" name="loginfunctionality" time="10.551"/>
  <system-out/>
  <testcase classname="org.automation.testing.testcase.TC_001_DDF_LoginFunctionality" name="loginfunctionality" time="11.031"/>
  <system-out/>
  <testcase classname="org.automation.testing.testcase.TC_001_DDF_LoginFunctionality" name="loginfunctionality" time="10.496"/>
  <system-out/>
</testsuite> <!-- org.automation.testing.testcase.TC_001_DDF_LoginFunctionality -->
